<?xml version="1.0" encoding="UTF-8"?>
<testng-results skipped="0" failed="0" ignored="0" total="8" passed="8">
  <reporter-output>
  </reporter-output>
  <suite name="Surefire suite" duration-ms="940" started-at="2022-10-02T16:49:11 BST" finished-at="2022-10-02T16:49:12 BST">
    <groups>
      <group name="cucumber">
        <method signature="AbstractTestNGCucumberTests.runScenario(io.cucumber.testng.PickleWrapper,io.cucumber.testng.FeatureWrapper)[pri:0, instance:cucumberOptions.TestNgTestRunner@610694f1]" name="runScenario" class="io.cucumber.testng.AbstractTestNGCucumberTests"/>
      </group> <!-- cucumber -->
    </groups>
    <test name="Surefire test" duration-ms="940" started-at="2022-10-02T16:49:11 BST" finished-at="2022-10-02T16:49:12 BST">
      <class name="cucumberOptions.TestNgTestRunner">
        <test-method status="PASS" signature="setUpClass()[pri:0, instance:cucumberOptions.TestNgTestRunner@610694f1]" name="setUpClass" is-config="true" duration-ms="493" started-at="2022-10-02T16:49:11 BST" finished-at="2022-10-02T16:49:11 BST">
          <reporter-output>
          </reporter-output>
        </test-method> <!-- setUpClass -->
        <test-method status="PASS" signature="runScenario(io.cucumber.testng.PickleWrapper,io.cucumber.testng.FeatureWrapper)[pri:0, instance:cucumberOptions.TestNgTestRunner@610694f1]" name="runScenario" duration-ms="321" started-at="2022-10-02T16:49:11 BST" description="Runs Cucumber Scenarios" data-provider="scenarios" finished-at="2022-10-02T16:49:12 BST">
          <params>
            <param index="0">
              <value>
                <![CDATA["Homepage default login"]]>
              </value>
            </param>
            <param index="1">
              <value>
                <![CDATA["Optional[Application Login]"]]>
              </value>
            </param>
          </params>
          <reporter-output>
          </reporter-output>
        </test-method> <!-- runScenario -->
        <test-method status="PASS" signature="runScenario(io.cucumber.testng.PickleWrapper,io.cucumber.testng.FeatureWrapper)[pri:0, instance:cucumberOptions.TestNgTestRunner@610694f1]" name="runScenario" duration-ms="8" started-at="2022-10-02T16:49:12 BST" description="Runs Cucumber Scenarios" data-provider="scenarios" finished-at="2022-10-02T16:49:12 BST">
          <params>
            <param index="0">
              <value>
                <![CDATA["Homepage default login"]]>
              </value>
            </param>
            <param index="1">
              <value>
                <![CDATA["Optional[Application Login]"]]>
              </value>
            </param>
          </params>
          <reporter-output>
          </reporter-output>
        </test-method> <!-- runScenario -->
        <test-method status="PASS" signature="runScenario(io.cucumber.testng.PickleWrapper,io.cucumber.testng.FeatureWrapper)[pri:0, instance:cucumberOptions.TestNgTestRunner@610694f1]" name="runScenario" duration-ms="8" started-at="2022-10-02T16:49:12 BST" description="Runs Cucumber Scenarios" data-provider="scenarios" finished-at="2022-10-02T16:49:12 BST">
          <params>
            <param index="0">
              <value>
                <![CDATA["Homepage default login"]]>
              </value>
            </param>
            <param index="1">
              <value>
                <![CDATA["Optional[Application Login]"]]>
              </value>
            </param>
          </params>
          <reporter-output>
          </reporter-output>
        </test-method> <!-- runScenario -->
        <test-method status="PASS" signature="runScenario(io.cucumber.testng.PickleWrapper,io.cucumber.testng.FeatureWrapper)[pri:0, instance:cucumberOptions.TestNgTestRunner@610694f1]" name="runScenario" duration-ms="13" started-at="2022-10-02T16:49:12 BST" description="Runs Cucumber Scenarios" data-provider="scenarios" finished-at="2022-10-02T16:49:12 BST">
          <params>
            <param index="0">
              <value>
                <![CDATA["Homepage default login"]]>
              </value>
            </param>
            <param index="1">
              <value>
                <![CDATA["Optional[Application Login]"]]>
              </value>
            </param>
          </params>
          <reporter-output>
          </reporter-output>
        </test-method> <!-- runScenario -->
        <test-method status="PASS" signature="runScenario(io.cucumber.testng.PickleWrapper,io.cucumber.testng.FeatureWrapper)[pri:0, instance:cucumberOptions.TestNgTestRunner@610694f1]" name="runScenario" duration-ms="6" started-at="2022-10-02T16:49:12 BST" description="Runs Cucumber Scenarios" data-provider="scenarios" finished-at="2022-10-02T16:49:12 BST">
          <params>
            <param index="0">
              <value>
                <![CDATA["Homepage default login"]]>
              </value>
            </param>
            <param index="1">
              <value>
                <![CDATA["Optional[Application Login]"]]>
              </value>
            </param>
          </params>
          <reporter-output>
          </reporter-output>
        </test-method> <!-- runScenario -->
        <test-method status="PASS" signature="runScenario(io.cucumber.testng.PickleWrapper,io.cucumber.testng.FeatureWrapper)[pri:0, instance:cucumberOptions.TestNgTestRunner@610694f1]" name="runScenario" duration-ms="4" started-at="2022-10-02T16:49:12 BST" description="Runs Cucumber Scenarios" data-provider="scenarios" finished-at="2022-10-02T16:49:12 BST">
          <params>
            <param index="0">
              <value>
                <![CDATA["Homepage default login"]]>
              </value>
            </param>
            <param index="1">
              <value>
                <![CDATA["Optional[Application Login]"]]>
              </value>
            </param>
          </params>
          <reporter-output>
          </reporter-output>
        </test-method> <!-- runScenario -->
        <test-method status="PASS" signature="runScenario(io.cucumber.testng.PickleWrapper,io.cucumber.testng.FeatureWrapper)[pri:0, instance:cucumberOptions.TestNgTestRunner@610694f1]" name="runScenario" duration-ms="8" started-at="2022-10-02T16:49:12 BST" description="Runs Cucumber Scenarios" data-provider="scenarios" finished-at="2022-10-02T16:49:12 BST">
          <params>
            <param index="0">
              <value>
                <![CDATA["Homepage default login"]]>
              </value>
            </param>
            <param index="1">
              <value>
                <![CDATA["Optional[Application Login]"]]>
              </value>
            </param>
          </params>
          <reporter-output>
          </reporter-output>
        </test-method> <!-- runScenario -->
        <test-method status="PASS" signature="runScenario(io.cucumber.testng.PickleWrapper,io.cucumber.testng.FeatureWrapper)[pri:0, instance:cucumberOptions.TestNgTestRunner@610694f1]" name="runScenario" duration-ms="5" started-at="2022-10-02T16:49:12 BST" description="Runs Cucumber Scenarios" data-provider="scenarios" finished-at="2022-10-02T16:49:12 BST">
          <params>
            <param index="0">
              <value>
                <![CDATA["Homepage default login"]]>
              </value>
            </param>
            <param index="1">
              <value>
                <![CDATA["Optional[Application Login]"]]>
              </value>
            </param>
          </params>
          <reporter-output>
          </reporter-output>
        </test-method> <!-- runScenario -->
        <test-method status="PASS" signature="tearDownClass()[pri:0, instance:cucumberOptions.TestNgTestRunner@610694f1]" name="tearDownClass" is-config="true" duration-ms="14" started-at="2022-10-02T16:49:12 BST" finished-at="2022-10-02T16:49:12 BST">
          <reporter-output>
          </reporter-output>
        </test-method> <!-- tearDownClass -->
      </class> <!-- cucumberOptions.TestNgTestRunner -->
    </test> <!-- Surefire test -->
  </suite> <!-- Surefire suite -->
</testng-results>
