<?xml version="1.0" encoding="UTF-8"?>
<testsuite xmlns:xsi="http://www.w3.org/2001/XMLSchema-instance" xsi:noNamespaceSchemaLocation="https://maven.apache.org/surefire/maven-surefire-plugin/xsd/surefire-test-report.xsd" name="TestSuite" time="3.312" tests="8" errors="0" skipped="0" failures="0">
  <properties>
[...]
</properties>
  <testcase name="runScenario" classname="cucumberOptions.TestNgTestRunner" time="0.323"/>
  <testcase name="runScenario" classname="cucumberOptions.TestNgTestRunner" time="0.006"/>
  <testcase name="runScenario" classname="cucumberOptions.TestNgTestRunner" time="0.009"/>
  <testcase name="runScenario" classname="cucumberOptions.TestNgTestRunner" time="0.012"/>
  <testcase name="runScenario" classname="cucumberOptions.TestNgTestRunner" time="0.006"/>
  <testcase name="runScenario" classname="cucumberOptions.TestNgTestRunner" time="0.005"/>
  <testcase name="runScenario" classname="cucumberOptions.TestNgTestRunner" time="0.008"/>
  <testcase name="runScenario" classname="cucumberOptions.TestNgTestRunner" time="0.005"/>
</testsuite>