<?xml version="1.0" encoding="UTF-8"?>
<testng-results skipped="0" failed="0" ignored="0" total="8" passed="8">
  <reporter-output>
  </reporter-output>
  <suite name="Default suite" duration-ms="1260" started-at="2022-09-27T14:09:15 BST" finished-at="2022-09-27T14:09:16 BST">
    <groups>
      <group name="cucumber">
        <method signature="AbstractTestNGCucumberTests.runScenario(io.cucumber.testng.PickleWrapper,io.cucumber.testng.FeatureWrapper)[pri:0, instance:cucumberOptions.TestNgTestRunner@1a1d6a08]" name="runScenario" class="io.cucumber.testng.AbstractTestNGCucumberTests"/>
      </group> <!-- cucumber -->
    </groups>
    <test name="Default test" duration-ms="1260" started-at="2022-09-27T14:09:15 BST" finished-at="2022-09-27T14:09:16 BST">
      <class name="cucumberOptions.TestNgTestRunner">
        <test-method status="PASS" signature="setUpClass()[pri:0, instance:cucumberOptions.TestNgTestRunner@1a1d6a08]" name="setUpClass" is-config="true" duration-ms="660" started-at="2022-09-27T14:09:15 BST" finished-at="2022-09-27T14:09:16 BST">
          <reporter-output>
          </reporter-output>
        </test-method> <!-- setUpClass -->
        <test-method status="PASS" signature="runScenario(io.cucumber.testng.PickleWrapper,io.cucumber.testng.FeatureWrapper)[pri:0, instance:cucumberOptions.TestNgTestRunner@1a1d6a08]" name="runScenario" duration-ms="302" started-at="2022-09-27T14:09:16 BST" description="Runs Cucumber Scenarios" data-provider="scenarios" finished-at="2022-09-27T14:09:16 BST">
          <params>
            <param index="0">
              <value>
                <![CDATA["Homepage default login"]]>
              </value>
            </param>
            <param index="1">
              <value>
                <![CDATA["Optional[Application Login]"]]>
              </value>
            </param>
          </params>
          <reporter-output>
          </reporter-output>
        </test-method> <!-- runScenario -->
        <test-method status="PASS" signature="runScenario(io.cucumber.testng.PickleWrapper,io.cucumber.testng.FeatureWrapper)[pri:0, instance:cucumberOptions.TestNgTestRunner@1a1d6a08]" name="runScenario" duration-ms="17" started-at="2022-09-27T14:09:16 BST" description="Runs Cucumber Scenarios" data-provider="scenarios" finished-at="2022-09-27T14:09:16 BST">
          <params>
            <param index="0">
              <value>
                <![CDATA["Homepage default login"]]>
              </value>
            </param>
            <param index="1">
              <value>
                <![CDATA["Optional[Application Login]"]]>
              </value>
            </param>
          </params>
          <reporter-output>
          </reporter-output>
        </test-method> <!-- runScenario -->
        <test-method status="PASS" signature="runScenario(io.cucumber.testng.PickleWrapper,io.cucumber.testng.FeatureWrapper)[pri:0, instance:cucumberOptions.TestNgTestRunner@1a1d6a08]" name="runScenario" duration-ms="13" started-at="2022-09-27T14:09:16 BST" description="Runs Cucumber Scenarios" data-provider="scenarios" finished-at="2022-09-27T14:09:16 BST">
          <params>
            <param index="0">
              <value>
                <![CDATA["Homepage default login"]]>
              </value>
            </param>
            <param index="1">
              <value>
                <![CDATA["Optional[Application Login]"]]>
              </value>
            </param>
          </params>
          <reporter-output>
          </reporter-output>
        </test-method> <!-- runScenario -->
        <test-method status="PASS" signature="runScenario(io.cucumber.testng.PickleWrapper,io.cucumber.testng.FeatureWrapper)[pri:0, instance:cucumberOptions.TestNgTestRunner@1a1d6a08]" name="runScenario" duration-ms="55" started-at="2022-09-27T14:09:16 BST" description="Runs Cucumber Scenarios" data-provider="scenarios" finished-at="2022-09-27T14:09:16 BST">
          <params>
            <param index="0">
              <value>
                <![CDATA["Homepage default login"]]>
              </value>
            </param>
            <param index="1">
              <value>
                <![CDATA["Optional[Application Login]"]]>
              </value>
            </param>
          </params>
          <reporter-output>
          </reporter-output>
        </test-method> <!-- runScenario -->
        <test-method status="PASS" signature="runScenario(io.cucumber.testng.PickleWrapper,io.cucumber.testng.FeatureWrapper)[pri:0, instance:cucumberOptions.TestNgTestRunner@1a1d6a08]" name="runScenario" duration-ms="22" started-at="2022-09-27T14:09:16 BST" description="Runs Cucumber Scenarios" data-provider="scenarios" finished-at="2022-09-27T14:09:16 BST">
          <params>
            <param index="0">
              <value>
                <![CDATA["Homepage default login"]]>
              </value>
            </param>
            <param index="1">
              <value>
                <![CDATA["Optional[Application Login]"]]>
              </value>
            </param>
          </params>
          <reporter-output>
          </reporter-output>
        </test-method> <!-- runScenario -->
        <test-method status="PASS" signature="runScenario(io.cucumber.testng.PickleWrapper,io.cucumber.testng.FeatureWrapper)[pri:0, instance:cucumberOptions.TestNgTestRunner@1a1d6a08]" name="runScenario" duration-ms="10" started-at="2022-09-27T14:09:16 BST" description="Runs Cucumber Scenarios" data-provider="scenarios" finished-at="2022-09-27T14:09:16 BST">
          <params>
            <param index="0">
              <value>
                <![CDATA["Homepage default login"]]>
              </value>
            </param>
            <param index="1">
              <value>
                <![CDATA["Optional[Application Login]"]]>
              </value>
            </param>
          </params>
          <reporter-output>
          </reporter-output>
        </test-method> <!-- runScenario -->
        <test-method status="PASS" signature="runScenario(io.cucumber.testng.PickleWrapper,io.cucumber.testng.FeatureWrapper)[pri:0, instance:cucumberOptions.TestNgTestRunner@1a1d6a08]" name="runScenario" duration-ms="8" started-at="2022-09-27T14:09:16 BST" description="Runs Cucumber Scenarios" data-provider="scenarios" finished-at="2022-09-27T14:09:16 BST">
          <params>
            <param index="0">
              <value>
                <![CDATA["Homepage default login"]]>
              </value>
            </param>
            <param index="1">
              <value>
                <![CDATA["Optional[Application Login]"]]>
              </value>
            </param>
          </params>
          <reporter-output>
          </reporter-output>
        </test-method> <!-- runScenario -->
        <test-method status="PASS" signature="runScenario(io.cucumber.testng.PickleWrapper,io.cucumber.testng.FeatureWrapper)[pri:0, instance:cucumberOptions.TestNgTestRunner@1a1d6a08]" name="runScenario" duration-ms="8" started-at="2022-09-27T14:09:16 BST" description="Runs Cucumber Scenarios" data-provider="scenarios" finished-at="2022-09-27T14:09:16 BST">
          <params>
            <param index="0">
              <value>
                <![CDATA["Homepage default login"]]>
              </value>
            </param>
            <param index="1">
              <value>
                <![CDATA["Optional[Application Login]"]]>
              </value>
            </param>
          </params>
          <reporter-output>
          </reporter-output>
        </test-method> <!-- runScenario -->
        <test-method status="PASS" signature="tearDownClass()[pri:0, instance:cucumberOptions.TestNgTestRunner@1a1d6a08]" name="tearDownClass" is-config="true" duration-ms="33" started-at="2022-09-27T14:09:16 BST" finished-at="2022-09-27T14:09:16 BST">
          <reporter-output>
          </reporter-output>
        </test-method> <!-- tearDownClass -->
      </class> <!-- cucumberOptions.TestNgTestRunner -->
    </test> <!-- Default test -->
  </suite> <!-- Default suite -->
</testng-results>
